Started GET "/" for ::1 at 2017-02-27 18:59:20 -0500
Processing by Rails::WelcomeController#index as HTML
  Parameters: {"internal"=>true}
  Rendering /Users/rebeccamcmurray/.rvm/gems/ruby-2.4.0/gems/railties-5.0.1/lib/rails/templates/rails/welcome/index.html.erb
  Rendered /Users/rebeccamcmurray/.rvm/gems/ruby-2.4.0/gems/railties-5.0.1/lib/rails/templates/rails/welcome/index.html.erb (3.6ms)
Completed 200 OK in 68ms (Views: 11.2ms | ActiveRecord: 0.0ms)


Started GET "/static_pages/index" for ::1 at 2017-02-28 14:18:19 -0500
Processing by StaticPagesController#index as HTML
  Rendering static_pages/index.html.erb within layouts/application
  Rendered static_pages/index.html.erb within layouts/application (11.0ms)
Completed 200 OK in 969ms (Views: 935.5ms | ActiveRecord: 0.0ms)


Started GET "/" for ::1 at 2017-02-28 14:22:05 -0500
Processing by StaticPagesController#index as HTML
  Rendering static_pages/index.html.erb within layouts/application
  Rendered static_pages/index.html.erb within layouts/application (0.5ms)
Completed 200 OK in 36ms (Views: 33.6ms | ActiveRecord: 0.0ms)


Started GET "/" for ::1 at 2017-02-28 14:29:31 -0500
Processing by StaticPagesController#index as HTML
  Rendering static_pages/index.html.erb within layouts/application
  Rendered static_pages/index.html.erb within layouts/application (0.7ms)
Completed 200 OK in 79ms (Views: 76.8ms | ActiveRecord: 0.0ms)


Started GET "/" for ::1 at 2017-02-28 14:43:13 -0500
Processing by StaticPagesController#index as HTML
  Rendering static_pages/index.html.erb within layouts/application
  Rendered static_pages/index.html.erb within layouts/application (0.8ms)
Completed 200 OK in 88ms (Views: 86.1ms | ActiveRecord: 0.0ms)


Started GET "/" for ::1 at 2017-02-28 14:43:40 -0500
Processing by StaticPagesController#index as HTML
  Rendering static_pages/index.html.erb within layouts/application
  Rendered static_pages/index.html.erb within layouts/application (0.6ms)
Completed 200 OK in 73ms (Views: 70.3ms | ActiveRecord: 0.0ms)


Started GET "/" for ::1 at 2017-02-28 14:44:42 -0500
Processing by StaticPagesController#index as HTML
  Rendering static_pages/index.html.erb within layouts/application
  Rendered static_pages/index.html.erb within layouts/application (0.6ms)
Completed 200 OK in 113ms (Views: 109.9ms | ActiveRecord: 0.0ms)


Started GET "/" for ::1 at 2017-02-28 14:45:20 -0500
Processing by StaticPagesController#index as HTML
  Rendering static_pages/index.html.erb within layouts/application
  Rendered static_pages/index.html.erb within layouts/application (0.7ms)
Completed 200 OK in 78ms (Views: 75.2ms | ActiveRecord: 0.0ms)


Started GET "/static_pages/contact" for ::1 at 2017-02-28 14:49:02 -0500
Processing by StaticPagesController#contact as HTML
  Rendering static_pages/contact.html.erb within layouts/application
  Rendered static_pages/contact.html.erb within layouts/application (13.4ms)
Completed 200 OK in 376ms (Views: 354.0ms | ActiveRecord: 0.0ms)


Started GET "/static_pages/about" for ::1 at 2017-02-28 14:49:08 -0500
Processing by StaticPagesController#about as HTML
  Rendering static_pages/about.html.erb within layouts/application
  Rendered static_pages/about.html.erb within layouts/application (0.5ms)
Completed 200 OK in 31ms (Views: 28.9ms | ActiveRecord: 0.0ms)


Started GET "/" for ::1 at 2017-02-28 14:51:02 -0500
Processing by StaticPagesController#index as HTML
  Rendering static_pages/index.html.erb within layouts/application
  Rendered static_pages/index.html.erb within layouts/application (0.5ms)
Completed 200 OK in 62ms (Views: 22.7ms | ActiveRecord: 0.0ms)


Started GET "/" for ::1 at 2017-02-28 14:51:12 -0500
Processing by StaticPagesController#index as HTML
  Rendering static_pages/index.html.erb within layouts/application
  Rendered static_pages/index.html.erb within layouts/application (0.4ms)
Completed 200 OK in 37ms (Views: 34.6ms | ActiveRecord: 0.0ms)


Started GET "/static_pages/contact" for ::1 at 2017-02-28 14:51:17 -0500
Processing by StaticPagesController#contact as HTML
  Rendering static_pages/contact.html.erb within layouts/application
  Rendered static_pages/contact.html.erb within layouts/application (1.0ms)
Completed 200 OK in 46ms (Views: 43.6ms | ActiveRecord: 0.0ms)


Started GET "/static_pages/contact" for ::1 at 2017-02-28 14:51:27 -0500
Processing by StaticPagesController#contact as HTML
  Rendering static_pages/contact.html.erb within layouts/application
  Rendered static_pages/contact.html.erb within layouts/application (0.4ms)
Completed 200 OK in 65ms (Views: 62.9ms | ActiveRecord: 0.0ms)


Started GET "/static_pages/about" for ::1 at 2017-02-28 14:51:28 -0500
Processing by StaticPagesController#about as HTML
  Rendering static_pages/about.html.erb within layouts/application
  Rendered static_pages/about.html.erb within layouts/application (0.3ms)
Completed 200 OK in 23ms (Views: 19.8ms | ActiveRecord: 0.0ms)


Started GET "/static_pages/about" for ::1 at 2017-02-28 14:51:28 -0500
Processing by StaticPagesController#about as HTML
  Rendering static_pages/about.html.erb within layouts/application
  Rendered static_pages/about.html.erb within layouts/application (0.4ms)
Completed 200 OK in 24ms (Views: 21.3ms | ActiveRecord: 0.0ms)


Started GET "/static_pages/index" for ::1 at 2017-02-28 14:51:31 -0500
Processing by StaticPagesController#index as HTML
  Rendering static_pages/index.html.erb within layouts/application
  Rendered static_pages/index.html.erb within layouts/application (0.4ms)
Completed 200 OK in 44ms (Views: 27.7ms | ActiveRecord: 0.0ms)


Started GET "/static_pages/index" for ::1 at 2017-02-28 14:51:32 -0500
Processing by StaticPagesController#index as HTML
  Rendering static_pages/index.html.erb within layouts/application
  Rendered static_pages/index.html.erb within layouts/application (0.4ms)
Completed 200 OK in 24ms (Views: 22.1ms | ActiveRecord: 0.0ms)


Started GET "/static_pages/index" for ::1 at 2017-02-28 14:51:39 -0500
Processing by StaticPagesController#index as HTML
  Rendering static_pages/index.html.erb within layouts/application
  Rendered static_pages/index.html.erb within layouts/application (0.4ms)
Completed 200 OK in 30ms (Views: 27.6ms | ActiveRecord: 0.0ms)


Started GET "/static_pages/index" for ::1 at 2017-02-28 15:23:22 -0500
Processing by StaticPagesController#index as HTML
  Rendering static_pages/index.html.erb within layouts/application
  Rendered static_pages/index.html.erb within layouts/application (14.1ms)
Completed 200 OK in 421ms (Views: 386.6ms | ActiveRecord: 0.0ms)


Started GET "/static_pages/index" for ::1 at 2017-02-28 15:23:35 -0500
Processing by StaticPagesController#index as HTML
  Rendering static_pages/index.html.erb within layouts/application
  Rendered static_pages/index.html.erb within layouts/application (0.5ms)
Completed 200 OK in 33ms (Views: 28.5ms | ActiveRecord: 0.0ms)


Started GET "/static_pages/index" for ::1 at 2017-02-28 15:25:59 -0500
Processing by StaticPagesController#index as HTML
  Rendering static_pages/index.html.erb within layouts/application
  Rendered static_pages/index.html.erb within layouts/application (0.4ms)
Completed 200 OK in 23ms (Views: 20.4ms | ActiveRecord: 0.0ms)


Started GET "/static_pages/index" for ::1 at 2017-02-28 15:26:43 -0500
Processing by StaticPagesController#index as HTML
  Rendering static_pages/index.html.erb within layouts/application
  Rendered static_pages/index.html.erb within layouts/application (0.4ms)
Completed 200 OK in 22ms (Views: 19.7ms | ActiveRecord: 0.0ms)


Started GET "/static_pages/index" for ::1 at 2017-02-28 18:01:13 -0500
Processing by StaticPagesController#index as HTML
  Rendering static_pages/index.html.erb within layouts/application
  Rendered static_pages/index.html.erb within layouts/application (1.7ms)
Completed 500 Internal Server Error in 331ms (ActiveRecord: 0.0ms)


  
ActionView::Template::Error (Invalid CSS after "}": expected "}", was ""):
    4:     <title>Nameofapp</title>
    5:     <%= csrf_meta_tags %>
    6: 
    7:     <%= stylesheet_link_tag    'application', media: 'all', 'data-turbolinks-track': 'reload' %>
    8:     <%= javascript_include_tag 'application', 'data-turbolinks-track': 'reload' %>
    9:   </head>
   10: 
  
app/assets/stylesheets/static_pages.scss:20
app/views/layouts/application.html.erb:7:in `_app_views_layouts_application_html_erb___693256904851234700_70289590234120'
  Rendering /Users/rebeccamcmurray/.rvm/gems/ruby-2.4.0/gems/actionpack-5.0.1/lib/action_dispatch/middleware/templates/rescues/template_error.html.erb within rescues/layout
  Rendering /Users/rebeccamcmurray/.rvm/gems/ruby-2.4.0/gems/actionpack-5.0.1/lib/action_dispatch/middleware/templates/rescues/_source.html.erb
  Rendered /Users/rebeccamcmurray/.rvm/gems/ruby-2.4.0/gems/actionpack-5.0.1/lib/action_dispatch/middleware/templates/rescues/_source.html.erb (9.6ms)
  Rendering /Users/rebeccamcmurray/.rvm/gems/ruby-2.4.0/gems/actionpack-5.0.1/lib/action_dispatch/middleware/templates/rescues/_trace.html.erb
  Rendered /Users/rebeccamcmurray/.rvm/gems/ruby-2.4.0/gems/actionpack-5.0.1/lib/action_dispatch/middleware/templates/rescues/_trace.html.erb (3.3ms)
  Rendering /Users/rebeccamcmurray/.rvm/gems/ruby-2.4.0/gems/actionpack-5.0.1/lib/action_dispatch/middleware/templates/rescues/_request_and_response.html.erb
  Rendered /Users/rebeccamcmurray/.rvm/gems/ruby-2.4.0/gems/actionpack-5.0.1/lib/action_dispatch/middleware/templates/rescues/_request_and_response.html.erb (0.8ms)
  Rendered /Users/rebeccamcmurray/.rvm/gems/ruby-2.4.0/gems/actionpack-5.0.1/lib/action_dispatch/middleware/templates/rescues/template_error.html.erb within rescues/layout (78.0ms)
Started GET "/static_pages/index" for ::1 at 2017-02-28 18:02:00 -0500
Processing by StaticPagesController#index as HTML
  Rendering static_pages/index.html.erb within layouts/application
  Rendered static_pages/index.html.erb within layouts/application (0.4ms)
Completed 500 Internal Server Error in 16ms (ActiveRecord: 0.0ms)


  
ActionView::Template::Error (Invalid CSS after "}": expected "}", was ""):
    4:     <title>Nameofapp</title>
    5:     <%= csrf_meta_tags %>
    6: 
    7:     <%= stylesheet_link_tag    'application', media: 'all', 'data-turbolinks-track': 'reload' %>
    8:     <%= javascript_include_tag 'application', 'data-turbolinks-track': 'reload' %>
    9:   </head>
   10: 
  
app/assets/stylesheets/static_pages.scss:20
app/views/layouts/application.html.erb:7:in `_app_views_layouts_application_html_erb___693256904851234700_70289593253360'
  Rendering /Users/rebeccamcmurray/.rvm/gems/ruby-2.4.0/gems/actionpack-5.0.1/lib/action_dispatch/middleware/templates/rescues/template_error.html.erb within rescues/layout
  Rendering /Users/rebeccamcmurray/.rvm/gems/ruby-2.4.0/gems/actionpack-5.0.1/lib/action_dispatch/middleware/templates/rescues/_source.html.erb
  Rendered /Users/rebeccamcmurray/.rvm/gems/ruby-2.4.0/gems/actionpack-5.0.1/lib/action_dispatch/middleware/templates/rescues/_source.html.erb (6.8ms)
  Rendering /Users/rebeccamcmurray/.rvm/gems/ruby-2.4.0/gems/actionpack-5.0.1/lib/action_dispatch/middleware/templates/rescues/_trace.html.erb
  Rendered /Users/rebeccamcmurray/.rvm/gems/ruby-2.4.0/gems/actionpack-5.0.1/lib/action_dispatch/middleware/templates/rescues/_trace.html.erb (2.6ms)
  Rendering /Users/rebeccamcmurray/.rvm/gems/ruby-2.4.0/gems/actionpack-5.0.1/lib/action_dispatch/middleware/templates/rescues/_request_and_response.html.erb
  Rendered /Users/rebeccamcmurray/.rvm/gems/ruby-2.4.0/gems/actionpack-5.0.1/lib/action_dispatch/middleware/templates/rescues/_request_and_response.html.erb (1.2ms)
  Rendered /Users/rebeccamcmurray/.rvm/gems/ruby-2.4.0/gems/actionpack-5.0.1/lib/action_dispatch/middleware/templates/rescues/template_error.html.erb within rescues/layout (70.3ms)
Started GET "/static_pages/index" for ::1 at 2017-02-28 18:02:49 -0500
Processing by StaticPagesController#index as HTML
  Rendering static_pages/index.html.erb within layouts/application
  Rendered static_pages/index.html.erb within layouts/application (0.4ms)
Completed 200 OK in 269ms (Views: 248.6ms | ActiveRecord: 0.0ms)



IPAddr::InvalidAddressError: invalid address
	from /Users/rebeccamcmurray/.rvm/rubies/ruby-2.4.0/lib/ruby/2.4.0/ipaddr.rb:563:in `in6_addr'
	from /Users/rebeccamcmurray/.rvm/rubies/ruby-2.4.0/lib/ruby/2.4.0/ipaddr.rb:500:in `initialize'
	from /Users/rebeccamcmurray/.rvm/rubies/ruby-2.4.0/lib/ruby/2.4.0/ipaddr.rb:518:in `new'
	from /Users/rebeccamcmurray/.rvm/rubies/ruby-2.4.0/lib/ruby/2.4.0/ipaddr.rb:518:in `coerce_other'
	from /Users/rebeccamcmurray/.rvm/rubies/ruby-2.4.0/lib/ruby/2.4.0/ipaddr.rb:174:in `include?'
	from /Users/rebeccamcmurray/.rvm/gems/ruby-2.4.0/gems/web-console-3.4.0/lib/web_console/whitelist.rb:17:in `block in include?'
	from /Users/rebeccamcmurray/.rvm/gems/ruby-2.4.0/gems/web-console-3.4.0/lib/web_console/whitelist.rb:17:in `any?'
	from /Users/rebeccamcmurray/.rvm/gems/ruby-2.4.0/gems/web-console-3.4.0/lib/web_console/whitelist.rb:17:in `include?'
	from /Users/rebeccamcmurray/.rvm/gems/ruby-2.4.0/gems/web-console-3.4.0/lib/web_console/request.rb:16:in `from_whitelisted_ip?'
	from /Users/rebeccamcmurray/.rvm/gems/ruby-2.4.0/gems/web-console-3.4.0/lib/web_console/whiny_request.rb:8:in `from_whitelisted_ip?'
	from /Users/rebeccamcmurray/.rvm/gems/ruby-2.4.0/gems/web-console-3.4.0/lib/web_console/middleware.rb:20:in `block in call'
	from /Users/rebeccamcmurray/.rvm/gems/ruby-2.4.0/gems/web-console-3.4.0/lib/web_console/middleware.rb:18:in `catch'
	from /Users/rebeccamcmurray/.rvm/gems/ruby-2.4.0/gems/web-console-3.4.0/lib/web_console/middleware.rb:18:in `call'
	from /Users/rebeccamcmurray/.rvm/gems/ruby-2.4.0/gems/actionpack-5.0.1/lib/action_dispatch/middleware/show_exceptions.rb:31:in `call'
	from /Users/rebeccamcmurray/.rvm/gems/ruby-2.4.0/gems/railties-5.0.1/lib/rails/rack/logger.rb:36:in `call_app'
	from /Users/rebeccamcmurray/.rvm/gems/ruby-2.4.0/gems/railties-5.0.1/lib/rails/rack/logger.rb:24:in `block in call'
	from /Users/rebeccamcmurray/.rvm/gems/ruby-2.4.0/gems/activesupport-5.0.1/lib/active_support/tagged_logging.rb:69:in `block in tagged'
	from /Users/rebeccamcmurray/.rvm/gems/ruby-2.4.0/gems/activesupport-5.0.1/lib/active_support/tagged_logging.rb:26:in `tagged'
	from /Users/rebeccamcmurray/.rvm/gems/ruby-2.4.0/gems/activesupport-5.0.1/lib/active_support/tagged_logging.rb:69:in `tagged'
	from /Users/rebeccamcmurray/.rvm/gems/ruby-2.4.0/gems/railties-5.0.1/lib/rails/rack/logger.rb:24:in `call'
	from /Users/rebeccamcmurray/.rvm/gems/ruby-2.4.0/gems/sprockets-rails-3.2.0/lib/sprockets/rails/quiet_assets.rb:11:in `block in call'
	from /Users/rebeccamcmurray/.rvm/gems/ruby-2.4.0/gems/activesupport-5.0.1/lib/active_support/logger_silence.rb:20:in `silence'
	from /Users/rebeccamcmurray/.rvm/gems/ruby-2.4.0/gems/activesupport-5.0.1/lib/active_support/logger.rb:63:in `block (3 levels) in broadcast'
	from /Users/rebeccamcmurray/.rvm/gems/ruby-2.4.0/gems/activesupport-5.0.1/lib/active_support/logger_silence.rb:20:in `silence'
	from /Users/rebeccamcmurray/.rvm/gems/ruby-2.4.0/gems/activesupport-5.0.1/lib/active_support/logger.rb:61:in `block (2 levels) in broadcast'
	from /Users/rebeccamcmurray/.rvm/gems/ruby-2.4.0/gems/sprockets-rails-3.2.0/lib/sprockets/rails/quiet_assets.rb:11:in `call'
	from /Users/rebeccamcmurray/.rvm/gems/ruby-2.4.0/gems/actionpack-5.0.1/lib/action_dispatch/middleware/request_id.rb:24:in `call'
	from /Users/rebeccamcmurray/.rvm/gems/ruby-2.4.0/gems/rack-2.0.1/lib/rack/method_override.rb:22:in `call'
	from /Users/rebeccamcmurray/.rvm/gems/ruby-2.4.0/gems/rack-2.0.1/lib/rack/runtime.rb:22:in `call'
	from /Users/rebeccamcmurray/.rvm/gems/ruby-2.4.0/gems/activesupport-5.0.1/lib/active_support/cache/strategy/local_cache_middleware.rb:28:in `call'
	from /Users/rebeccamcmurray/.rvm/gems/ruby-2.4.0/gems/actionpack-5.0.1/lib/action_dispatch/middleware/executor.rb:12:in `call'
	from /Users/rebeccamcmurray/.rvm/gems/ruby-2.4.0/gems/actionpack-5.0.1/lib/action_dispatch/middleware/static.rb:136:in `call'
	from /Users/rebeccamcmurray/.rvm/gems/ruby-2.4.0/gems/rack-2.0.1/lib/rack/sendfile.rb:111:in `call'
	from /Users/rebeccamcmurray/.rvm/gems/ruby-2.4.0/gems/railties-5.0.1/lib/rails/engine.rb:522:in `call'
	from /Users/rebeccamcmurray/.rvm/gems/ruby-2.4.0/gems/puma-3.7.1/lib/puma/configuration.rb:232:in `call'
	from /Users/rebeccamcmurray/.rvm/gems/ruby-2.4.0/gems/puma-3.7.1/lib/puma/server.rb:578:in `handle_request'
	from /Users/rebeccamcmurray/.rvm/gems/ruby-2.4.0/gems/puma-3.7.1/lib/puma/server.rb:415:in `process_client'
	from /Users/rebeccamcmurray/.rvm/gems/ruby-2.4.0/gems/puma-3.7.1/lib/puma/server.rb:275:in `block in run'
	from /Users/rebeccamcmurray/.rvm/gems/ruby-2.4.0/gems/puma-3.7.1/lib/puma/thread_pool.rb:120:in `block in spawn_thread'
Started GET "/static_pages/index" for ::1 at 2017-02-28 18:08:11 -0500
Processing by StaticPagesController#index as HTML
  Rendering static_pages/index.html.erb within layouts/application
  Rendered static_pages/index.html.erb within layouts/application (0.4ms)
Completed 500 Internal Server Error in 144ms (ActiveRecord: 0.0ms)


  
SyntaxError (/Users/rebeccamcmurray/Documents/Coding School/Rails Project/nameofapp/app/views/layouts/application.html.erb:8: syntax error, unexpected '<', expecting ')'
    	<link rel="stylesheet" href="ht
    	 ^
/Users/rebeccamcmurray/Documents/Coding School/Rails Project/nameofapp/app/views/layouts/application.html.erb:8: syntax error, unexpected tIDENTIFIER, expecting ')'
  	<link rel="stylesheet" href="https://maxcdn.bootstrapcdn.
  	                           ^
/Users/rebeccamcmurray/Documents/Coding School/Rails Project/nameofapp/app/views/layouts/application.html.erb:9: syntax error, unexpected tLABEL
    	'application', media: 'all', 'data-turbolinks-track
    	                     ^
/Users/rebeccamcmurray/Documents/Coding School/Rails Project/nameofapp/app/views/layouts/application.html.erb:9: syntax error, unexpected ',', expecting ')'
 	'application', media: 'all', 'data-turbolinks-track': 'rel
 	                            ^
/Users/rebeccamcmurray/Documents/Coding School/Rails Project/nameofapp/app/views/layouts/application.html.erb:11: syntax error, unexpected '<', expecting ')'
    	<script src="https://maxcdn.boo
    	 ^
/Users/rebeccamcmurray/Documents/Coding School/Rails Project/nameofapp/app/views/layouts/application.html.erb:11: syntax error, unexpected '<'
p/3.3.5/js/bootstrap.min.js"></script>
                              ^
/Users/rebeccamcmurray/Documents/Coding School/Rails Project/nameofapp/app/views/layouts/application.html.erb:13: unknown regexp options - had
/Users/rebeccamcmurray/Documents/Coding School/Rails Project/nameofapp/app/views/layouts/application.html.erb:13: unmatched close parenthesis: /script>
    	'application', 'data-turbolinks-track': 'reload' );@output_buffer.safe_append='
  </
/Users/rebeccamcmurray/Documents/Coding School/Rails Project/nameofapp/app/views/layouts/application.html.erb:15: syntax error, unexpected '<'
  <body>
   ^
/Users/rebeccamcmurray/Documents/Coding School/Rails Project/nameofapp/app/views/layouts/application.html.erb:19: unknown regexp option - l
/Users/rebeccamcmurray/Documents/Coding School/Rails Project/nameofapp/app/views/layouts/application.html.erb:20: syntax error, unexpected '<'
  			<li>Contact</li>
  			 ^
/Users/rebeccamcmurray/Documents/Coding School/Rails Project/nameofapp/app/views/layouts/application.html.erb:21: unknown regexp option - l
/Users/rebeccamcmurray/Documents/Coding School/Rails Project/nameofapp/app/views/layouts/application.html.erb:22: syntax error, unexpected '<'
  	</nav>
  	 ^
/Users/rebeccamcmurray/Documents/Coding School/Rails Project/nameofapp/app/views/layouts/application.html.erb:28: unknown regexp options - ftr
/Users/rebeccamcmurray/Documents/Coding School/Rails Project/nameofapp/app/views/layouts/application.html.erb:30: syntax error, unexpected '<'
  </body>
   ^
/Users/rebeccamcmurray/Documents/Coding School/Rails Project/nameofapp/app/views/layouts/application.html.erb:31: unknown regexp options - htl
/Users/rebeccamcmurray/Documents/Coding School/Rails Project/nameofapp/app/views/layouts/application.html.erb:32: unterminated string meets end of file
/Users/rebeccamcmurray/Documents/Coding School/Rails Project/nameofapp/app/views/layouts/application.html.erb:32: syntax error, unexpected end-of-input, expecting ')'):
  
app/views/layouts/application.html.erb:8: syntax error, unexpected '<', expecting ')'
app/views/layouts/application.html.erb:8: syntax error, unexpected tIDENTIFIER, expecting ')'
app/views/layouts/application.html.erb:9: syntax error, unexpected tLABEL
app/views/layouts/application.html.erb:9: syntax error, unexpected ',', expecting ')'
app/views/layouts/application.html.erb:11: syntax error, unexpected '<', expecting ')'
app/views/layouts/application.html.erb:11: syntax error, unexpected '<'
app/views/layouts/application.html.erb:13: unknown regexp options - had
app/views/layouts/application.html.erb:13: unmatched close parenthesis: /script>
app/views/layouts/application.html.erb:15: syntax error, unexpected '<'
app/views/layouts/application.html.erb:19: unknown regexp option - l
app/views/layouts/application.html.erb:20: syntax error, unexpected '<'
app/views/layouts/application.html.erb:21: unknown regexp option - l
app/views/layouts/application.html.erb:22: syntax error, unexpected '<'
app/views/layouts/application.html.erb:28: unknown regexp options - ftr
app/views/layouts/application.html.erb:30: syntax error, unexpected '<'
app/views/layouts/application.html.erb:31: unknown regexp options - htl
app/views/layouts/application.html.erb:32: unterminated string meets end of file
app/views/layouts/application.html.erb:32: syntax error, unexpected end-of-input, expecting ')'
  Rendering /Users/rebeccamcmurray/.rvm/gems/ruby-2.4.0/gems/actionpack-5.0.1/lib/action_dispatch/middleware/templates/rescues/diagnostics.html.erb within rescues/layout
  Rendering /Users/rebeccamcmurray/.rvm/gems/ruby-2.4.0/gems/actionpack-5.0.1/lib/action_dispatch/middleware/templates/rescues/_source.html.erb
  Rendered /Users/rebeccamcmurray/.rvm/gems/ruby-2.4.0/gems/actionpack-5.0.1/lib/action_dispatch/middleware/templates/rescues/_source.html.erb (6.3ms)
  Rendering /Users/rebeccamcmurray/.rvm/gems/ruby-2.4.0/gems/actionpack-5.0.1/lib/action_dispatch/middleware/templates/rescues/_trace.html.erb
  Rendered /Users/rebeccamcmurray/.rvm/gems/ruby-2.4.0/gems/actionpack-5.0.1/lib/action_dispatch/middleware/templates/rescues/_trace.html.erb (4.1ms)
  Rendering /Users/rebeccamcmurray/.rvm/gems/ruby-2.4.0/gems/actionpack-5.0.1/lib/action_dispatch/middleware/templates/rescues/_request_and_response.html.erb
  Rendered /Users/rebeccamcmurray/.rvm/gems/ruby-2.4.0/gems/actionpack-5.0.1/lib/action_dispatch/middleware/templates/rescues/_request_and_response.html.erb (0.8ms)
  Rendered /Users/rebeccamcmurray/.rvm/gems/ruby-2.4.0/gems/actionpack-5.0.1/lib/action_dispatch/middleware/templates/rescues/diagnostics.html.erb within rescues/layout (88.4ms)
Started GET "/static_pages/index" for ::1 at 2017-02-28 18:08:50 -0500
Processing by StaticPagesController#index as HTML
  Rendering static_pages/index.html.erb within layouts/application
  Rendered static_pages/index.html.erb within layouts/application (0.3ms)
Completed 500 Internal Server Error in 7ms (ActiveRecord: 0.0ms)


  
SyntaxError (/Users/rebeccamcmurray/Documents/Coding School/Rails Project/nameofapp/app/views/layouts/application.html.erb:10: syntax error, unexpected ',', expecting ')'
    	'application', media: 'all', 'data-turbolink
    	              ^
/Users/rebeccamcmurray/Documents/Coding School/Rails Project/nameofapp/app/views/layouts/application.html.erb:10: syntax error, unexpected ',', expecting ')'
 	'application', media: 'all', 'data-turbolinks-track': 'rel
 	                            ^
/Users/rebeccamcmurray/Documents/Coding School/Rails Project/nameofapp/app/views/layouts/application.html.erb:15: syntax error, unexpected ',', expecting ')'
    	'application', 'data-turbolinks-track': 'rel
    	              ^):
  
app/views/layouts/application.html.erb:10: syntax error, unexpected ',', expecting ')'
app/views/layouts/application.html.erb:10: syntax error, unexpected ',', expecting ')'
app/views/layouts/application.html.erb:15: syntax error, unexpected ',', expecting ')'
  Rendering /Users/rebeccamcmurray/.rvm/gems/ruby-2.4.0/gems/actionpack-5.0.1/lib/action_dispatch/middleware/templates/rescues/diagnostics.html.erb within rescues/layout
  Rendering /Users/rebeccamcmurray/.rvm/gems/ruby-2.4.0/gems/actionpack-5.0.1/lib/action_dispatch/middleware/templates/rescues/_source.html.erb
  Rendered /Users/rebeccamcmurray/.rvm/gems/ruby-2.4.0/gems/actionpack-5.0.1/lib/action_dispatch/middleware/templates/rescues/_source.html.erb (5.0ms)
  Rendering /Users/rebeccamcmurray/.rvm/gems/ruby-2.4.0/gems/actionpack-5.0.1/lib/action_dispatch/middleware/templates/rescues/_trace.html.erb
  Rendered /Users/rebeccamcmurray/.rvm/gems/ruby-2.4.0/gems/actionpack-5.0.1/lib/action_dispatch/middleware/templates/rescues/_trace.html.erb (2.6ms)
  Rendering /Users/rebeccamcmurray/.rvm/gems/ruby-2.4.0/gems/actionpack-5.0.1/lib/action_dispatch/middleware/templates/rescues/_request_and_response.html.erb
  Rendered /Users/rebeccamcmurray/.rvm/gems/ruby-2.4.0/gems/actionpack-5.0.1/lib/action_dispatch/middleware/templates/rescues/_request_and_response.html.erb (0.8ms)
  Rendered /Users/rebeccamcmurray/.rvm/gems/ruby-2.4.0/gems/actionpack-5.0.1/lib/action_dispatch/middleware/templates/rescues/diagnostics.html.erb within rescues/layout (66.2ms)
Started GET "/static_pages/index" for ::1 at 2017-02-28 18:08:54 -0500
Processing by StaticPagesController#index as HTML
  Rendering static_pages/index.html.erb within layouts/application
  Rendered static_pages/index.html.erb within layouts/application (0.3ms)
Completed 500 Internal Server Error in 9ms (ActiveRecord: 0.0ms)


  
SyntaxError (/Users/rebeccamcmurray/Documents/Coding School/Rails Project/nameofapp/app/views/layouts/application.html.erb:10: syntax error, unexpected ',', expecting ')'
    	'application', media: 'all', 'data-turbolink
    	              ^
/Users/rebeccamcmurray/Documents/Coding School/Rails Project/nameofapp/app/views/layouts/application.html.erb:10: syntax error, unexpected ',', expecting ')'
 	'application', media: 'all', 'data-turbolinks-track': 'rel
 	                            ^
/Users/rebeccamcmurray/Documents/Coding School/Rails Project/nameofapp/app/views/layouts/application.html.erb:15: syntax error, unexpected ',', expecting ')'
    	'application', 'data-turbolinks-track': 'rel
    	              ^):
  
app/views/layouts/application.html.erb:10: syntax error, unexpected ',', expecting ')'
app/views/layouts/application.html.erb:10: syntax error, unexpected ',', expecting ')'
app/views/layouts/application.html.erb:15: syntax error, unexpected ',', expecting ')'
  Rendering /Users/rebeccamcmurray/.rvm/gems/ruby-2.4.0/gems/actionpack-5.0.1/lib/action_dispatch/middleware/templates/rescues/diagnostics.html.erb within rescues/layout
  Rendering /Users/rebeccamcmurray/.rvm/gems/ruby-2.4.0/gems/actionpack-5.0.1/lib/action_dispatch/middleware/templates/rescues/_source.html.erb
  Rendered /Users/rebeccamcmurray/.rvm/gems/ruby-2.4.0/gems/actionpack-5.0.1/lib/action_dispatch/middleware/templates/rescues/_source.html.erb (5.4ms)
  Rendering /Users/rebeccamcmurray/.rvm/gems/ruby-2.4.0/gems/actionpack-5.0.1/lib/action_dispatch/middleware/templates/rescues/_trace.html.erb
  Rendered /Users/rebeccamcmurray/.rvm/gems/ruby-2.4.0/gems/actionpack-5.0.1/lib/action_dispatch/middleware/templates/rescues/_trace.html.erb (2.2ms)
  Rendering /Users/rebeccamcmurray/.rvm/gems/ruby-2.4.0/gems/actionpack-5.0.1/lib/action_dispatch/middleware/templates/rescues/_request_and_response.html.erb
  Rendered /Users/rebeccamcmurray/.rvm/gems/ruby-2.4.0/gems/actionpack-5.0.1/lib/action_dispatch/middleware/templates/rescues/_request_and_response.html.erb (0.9ms)
  Rendered /Users/rebeccamcmurray/.rvm/gems/ruby-2.4.0/gems/actionpack-5.0.1/lib/action_dispatch/middleware/templates/rescues/diagnostics.html.erb within rescues/layout (71.6ms)
Started GET "/static_pages/index" for ::1 at 2017-02-28 18:10:40 -0500
Processing by StaticPagesController#index as HTML
  Rendering static_pages/index.html.erb within layouts/application
  Rendered static_pages/index.html.erb within layouts/application (0.4ms)
Completed 500 Internal Server Error in 32ms (ActiveRecord: 0.0ms)


  
SyntaxError (/Users/rebeccamcmurray/Documents/Coding School/Rails Project/nameofapp/app/views/layouts/application.html.erb:10: syntax error, unexpected ',', expecting ')'
    	'application', media: 'all', 'data-turbolink
    	              ^
/Users/rebeccamcmurray/Documents/Coding School/Rails Project/nameofapp/app/views/layouts/application.html.erb:10: syntax error, unexpected ',', expecting ')'
 	'application', media: 'all', 'data-turbolinks-track': 'rel
 	                            ^
/Users/rebeccamcmurray/Documents/Coding School/Rails Project/nameofapp/app/views/layouts/application.html.erb:15: syntax error, unexpected ',', expecting ')'
    	'application', 'data-turbolinks-track': 'rel
    	              ^):
  
app/views/layouts/application.html.erb:10: syntax error, unexpected ',', expecting ')'
app/views/layouts/application.html.erb:10: syntax error, unexpected ',', expecting ')'
app/views/layouts/application.html.erb:15: syntax error, unexpected ',', expecting ')'
  Rendering /Users/rebeccamcmurray/.rvm/gems/ruby-2.4.0/gems/actionpack-5.0.1/lib/action_dispatch/middleware/templates/rescues/diagnostics.html.erb within rescues/layout
  Rendering /Users/rebeccamcmurray/.rvm/gems/ruby-2.4.0/gems/actionpack-5.0.1/lib/action_dispatch/middleware/templates/rescues/_source.html.erb
  Rendered /Users/rebeccamcmurray/.rvm/gems/ruby-2.4.0/gems/actionpack-5.0.1/lib/action_dispatch/middleware/templates/rescues/_source.html.erb (5.6ms)
  Rendering /Users/rebeccamcmurray/.rvm/gems/ruby-2.4.0/gems/actionpack-5.0.1/lib/action_dispatch/middleware/templates/rescues/_trace.html.erb
  Rendered /Users/rebeccamcmurray/.rvm/gems/ruby-2.4.0/gems/actionpack-5.0.1/lib/action_dispatch/middleware/templates/rescues/_trace.html.erb (2.3ms)
  Rendering /Users/rebeccamcmurray/.rvm/gems/ruby-2.4.0/gems/actionpack-5.0.1/lib/action_dispatch/middleware/templates/rescues/_request_and_response.html.erb
  Rendered /Users/rebeccamcmurray/.rvm/gems/ruby-2.4.0/gems/actionpack-5.0.1/lib/action_dispatch/middleware/templates/rescues/_request_and_response.html.erb (0.8ms)
  Rendered /Users/rebeccamcmurray/.rvm/gems/ruby-2.4.0/gems/actionpack-5.0.1/lib/action_dispatch/middleware/templates/rescues/diagnostics.html.erb within rescues/layout (76.2ms)
Started GET "/static_pages/index" for ::1 at 2017-02-28 18:11:26 -0500
Processing by StaticPagesController#index as HTML
  Rendering static_pages/index.html.erb within layouts/application
  Rendered static_pages/index.html.erb within layouts/application (0.3ms)
Completed 500 Internal Server Error in 27ms (ActiveRecord: 0.0ms)


  
SyntaxError (/Users/rebeccamcmurray/Documents/Coding School/Rails Project/nameofapp/app/views/layouts/application.html.erb:10: syntax error, unexpected ',', expecting ')'
    	'application', media: 'all', 'data-turbolink
    	              ^
/Users/rebeccamcmurray/Documents/Coding School/Rails Project/nameofapp/app/views/layouts/application.html.erb:10: syntax error, unexpected ',', expecting ')'
 	'application', media: 'all', 'data-turbolinks-track': 'rel
 	                            ^
/Users/rebeccamcmurray/Documents/Coding School/Rails Project/nameofapp/app/views/layouts/application.html.erb:13: syntax error, unexpected ',', expecting ')'
    	'application', 'data-turbolinks-track': 'rel
    	              ^):
  
app/views/layouts/application.html.erb:10: syntax error, unexpected ',', expecting ')'
app/views/layouts/application.html.erb:10: syntax error, unexpected ',', expecting ')'
app/views/layouts/application.html.erb:13: syntax error, unexpected ',', expecting ')'
  Rendering /Users/rebeccamcmurray/.rvm/gems/ruby-2.4.0/gems/actionpack-5.0.1/lib/action_dispatch/middleware/templates/rescues/diagnostics.html.erb within rescues/layout
  Rendering /Users/rebeccamcmurray/.rvm/gems/ruby-2.4.0/gems/actionpack-5.0.1/lib/action_dispatch/middleware/templates/rescues/_source.html.erb
  Rendered /Users/rebeccamcmurray/.rvm/gems/ruby-2.4.0/gems/actionpack-5.0.1/lib/action_dispatch/middleware/templates/rescues/_source.html.erb (5.7ms)
  Rendering /Users/rebeccamcmurray/.rvm/gems/ruby-2.4.0/gems/actionpack-5.0.1/lib/action_dispatch/middleware/templates/rescues/_trace.html.erb
  Rendered /Users/rebeccamcmurray/.rvm/gems/ruby-2.4.0/gems/actionpack-5.0.1/lib/action_dispatch/middleware/templates/rescues/_trace.html.erb (2.1ms)
  Rendering /Users/rebeccamcmurray/.rvm/gems/ruby-2.4.0/gems/actionpack-5.0.1/lib/action_dispatch/middleware/templates/rescues/_request_and_response.html.erb
  Rendered /Users/rebeccamcmurray/.rvm/gems/ruby-2.4.0/gems/actionpack-5.0.1/lib/action_dispatch/middleware/templates/rescues/_request_and_response.html.erb (0.8ms)
  Rendered /Users/rebeccamcmurray/.rvm/gems/ruby-2.4.0/gems/actionpack-5.0.1/lib/action_dispatch/middleware/templates/rescues/diagnostics.html.erb within rescues/layout (75.2ms)
Started GET "/static_pages/index" for ::1 at 2017-02-28 18:13:12 -0500
Processing by StaticPagesController#index as HTML
  Rendering static_pages/index.html.erb within layouts/application
  Rendered static_pages/index.html.erb within layouts/application (0.4ms)
Completed 200 OK in 99ms (Views: 78.7ms | ActiveRecord: 0.0ms)


Started GET "/static_pages/index" for ::1 at 2017-02-28 18:17:29 -0500
Processing by StaticPagesController#index as HTML
  Rendering static_pages/index.html.erb within layouts/application
  Rendered static_pages/index.html.erb within layouts/application (414.6ms)
Completed 200 OK in 549ms (Views: 514.5ms | ActiveRecord: 0.0ms)


Started GET "/static_pages/index" for ::1 at 2017-02-28 18:18:37 -0500
Processing by StaticPagesController#index as HTML
  Rendering static_pages/index.html.erb within layouts/application
  Rendered static_pages/index.html.erb within layouts/application (39.3ms)
Completed 200 OK in 1034ms (Views: 1023.8ms | ActiveRecord: 0.0ms)


Started GET "/static_pages/index" for ::1 at 2017-02-28 18:24:26 -0500
Processing by StaticPagesController#index as HTML
  Rendering static_pages/index.html.erb within layouts/application
  Rendered static_pages/index.html.erb within layouts/application (1.5ms)
Completed 200 OK in 71ms (Views: 68.6ms | ActiveRecord: 0.0ms)


Started GET "/static_pages/index" for ::1 at 2017-02-28 18:24:41 -0500
Processing by StaticPagesController#index as HTML
  Rendering static_pages/index.html.erb within layouts/application
  Rendered static_pages/index.html.erb within layouts/application (2.0ms)
Completed 200 OK in 86ms (Views: 83.8ms | ActiveRecord: 0.0ms)


Started GET "/static_pages/about" for ::1 at 2017-02-28 18:24:45 -0500
Processing by StaticPagesController#about as HTML
  Rendering static_pages/about.html.erb within layouts/application
  Rendered static_pages/about.html.erb within layouts/application (0.5ms)
Completed 200 OK in 24ms (Views: 22.2ms | ActiveRecord: 0.0ms)


Started GET "/static_pages/contact" for ::1 at 2017-02-28 18:24:51 -0500
Processing by StaticPagesController#contact as HTML
  Rendering static_pages/contact.html.erb within layouts/application
  Rendered static_pages/contact.html.erb within layouts/application (0.4ms)
Completed 200 OK in 27ms (Views: 25.3ms | ActiveRecord: 0.0ms)


Started GET "/static_pages/index" for ::1 at 2017-02-28 18:24:57 -0500
Processing by StaticPagesController#index as HTML
  Rendering static_pages/index.html.erb within layouts/application
  Rendered static_pages/index.html.erb within layouts/application (1.5ms)
Completed 200 OK in 23ms (Views: 20.6ms | ActiveRecord: 0.0ms)


Started GET "/static_pages/index" for ::1 at 2017-02-28 18:25:25 -0500
Processing by StaticPagesController#index as HTML
  Rendering static_pages/index.html.erb within layouts/application
  Rendered static_pages/index.html.erb within layouts/application (1.4ms)
Completed 200 OK in 27ms (Views: 24.8ms | ActiveRecord: 0.0ms)


Started GET "/static_pages/index" for ::1 at 2017-02-28 18:25:35 -0500
Processing by StaticPagesController#index as HTML
  Rendering static_pages/index.html.erb within layouts/application
  Rendered static_pages/index.html.erb within layouts/application (2.4ms)
Completed 200 OK in 30ms (Views: 27.2ms | ActiveRecord: 0.0ms)


Started GET "/static_pages/index" for ::1 at 2017-02-28 18:25:54 -0500
Processing by StaticPagesController#index as HTML
  Rendering static_pages/index.html.erb within layouts/application
  Rendered static_pages/index.html.erb within layouts/application (1.6ms)
Completed 200 OK in 34ms (Views: 32.4ms | ActiveRecord: 0.0ms)


Started GET "/static_pages/index" for ::1 at 2017-02-28 18:26:05 -0500
Processing by StaticPagesController#index as HTML
  Rendering static_pages/index.html.erb within layouts/application
  Rendered static_pages/index.html.erb within layouts/application (1.6ms)
Completed 200 OK in 24ms (Views: 22.2ms | ActiveRecord: 0.0ms)


Started GET "/static_pages/index" for ::1 at 2017-02-28 18:26:51 -0500
Processing by StaticPagesController#index as HTML
  Rendering static_pages/index.html.erb within layouts/application
  Rendered static_pages/index.html.erb within layouts/application (1.6ms)
Completed 200 OK in 28ms (Views: 26.0ms | ActiveRecord: 0.0ms)


Started GET "/static_pages/index" for ::1 at 2017-02-28 18:27:09 -0500
Processing by StaticPagesController#index as HTML
  Rendering static_pages/index.html.erb within layouts/application
  Rendered static_pages/index.html.erb within layouts/application (1.9ms)
Completed 200 OK in 29ms (Views: 26.4ms | ActiveRecord: 0.0ms)


  [1m[35m (229.5ms)[0m  [1m[35mCREATE TABLE "schema_migrations" ("version" varchar NOT NULL PRIMARY KEY)[0m
  [1m[35m (139.1ms)[0m  [1m[35mCREATE TABLE "ar_internal_metadata" ("key" varchar NOT NULL PRIMARY KEY, "value" varchar, "created_at" datetime NOT NULL, "updated_at" datetime NOT NULL)[0m
  [1m[36mActiveRecord::SchemaMigration Load (0.2ms)[0m  [1m[34mSELECT "schema_migrations".* FROM "schema_migrations"[0m
Migrating to CreateProducts (20170406210642)
  [1m[35m (0.1ms)[0m  [1m[36mbegin transaction[0m
  [1m[35m (41.8ms)[0m  [1m[35mCREATE TABLE "products" ("id" INTEGER PRIMARY KEY AUTOINCREMENT NOT NULL, "name" varchar, "description" text, "image_url" varchar, "created_at" datetime NOT NULL, "updated_at" datetime NOT NULL)[0m
  [1m[35mSQL (28.4ms)[0m  [1m[32mINSERT INTO "schema_migrations" ("version") VALUES (?)[0m  [["version", "20170406210642"]]
  [1m[35m (1.4ms)[0m  [1m[36mcommit transaction[0m
  [1m[36mActiveRecord::InternalMetadata Load (0.1ms)[0m  [1m[34mSELECT  "ar_internal_metadata".* FROM "ar_internal_metadata" WHERE "ar_internal_metadata"."key" = ? LIMIT ?[0m  [["key", :environment], ["LIMIT", 1]]
  [1m[35m (0.1ms)[0m  [1m[36mbegin transaction[0m
  [1m[35mSQL (32.1ms)[0m  [1m[32mINSERT INTO "ar_internal_metadata" ("key", "value", "created_at", "updated_at") VALUES (?, ?, ?, ?)[0m  [["key", "environment"], ["value", "development"], ["created_at", 2017-04-06 21:07:17 UTC], ["updated_at", 2017-04-06 21:07:17 UTC]]
  [1m[35m (2.4ms)[0m  [1m[36mcommit transaction[0m
  [1m[36mActiveRecord::SchemaMigration Load (0.2ms)[0m  [1m[34mSELECT "schema_migrations".* FROM "schema_migrations"[0m
Started GET "/products" for ::1 at 2017-04-06 17:11:27 -0400
  [1m[36mActiveRecord::SchemaMigration Load (26.0ms)[0m  [1m[34mSELECT "schema_migrations".* FROM "schema_migrations"[0m
Processing by ProductsController#index as HTML
  Rendering products/index.html.erb within layouts/application
  [1m[36mProduct Load (21.2ms)[0m  [1m[34mSELECT "products".* FROM "products"[0m
  Rendered products/index.html.erb within layouts/application (100.0ms)
Completed 200 OK in 2839ms (Views: 2492.9ms | ActiveRecord: 41.6ms)


Started GET "/products" for ::1 at 2017-04-06 17:15:33 -0400
Processing by ProductsController#index as HTML
  Rendering products/index.html.erb within layouts/application
  [1m[36mProduct Load (26.7ms)[0m  [1m[34mSELECT "products".* FROM "products"[0m
  Rendered products/index.html.erb within layouts/application (28.9ms)
Completed 200 OK in 648ms (Views: 385.3ms | ActiveRecord: 26.7ms)


Started GET "/products" for ::1 at 2017-04-06 17:17:47 -0400
Processing by ProductsController#index as HTML
  Rendering products/index.html.erb within layouts/application
  [1m[36mProduct Load (0.2ms)[0m  [1m[34mSELECT "products".* FROM "products"[0m
  Rendered products/index.html.erb within layouts/application (1.7ms)
Completed 200 OK in 1609ms (Views: 949.8ms | ActiveRecord: 0.2ms)


Started GET "/products" for ::1 at 2017-04-06 17:18:31 -0400
Processing by ProductsController#index as HTML
  Rendering products/index.html.erb within layouts/application
  [1m[36mProduct Load (23.5ms)[0m  [1m[34mSELECT "products".* FROM "products"[0m
  Rendered products/index.html.erb within layouts/application (24.8ms)
Completed 200 OK in 200ms (Views: 165.7ms | ActiveRecord: 23.5ms)


Started GET "/products" for ::1 at 2017-04-06 17:19:39 -0400
Processing by ProductsController#index as HTML
  Rendering products/index.html.erb within layouts/application
  [1m[36mProduct Load (0.2ms)[0m  [1m[34mSELECT "products".* FROM "products"[0m
  Rendered products/index.html.erb within layouts/application (1.6ms)
Completed 200 OK in 44ms (Views: 40.1ms | ActiveRecord: 0.2ms)


Started GET "/products" for ::1 at 2017-04-06 17:19:42 -0400
Processing by ProductsController#index as HTML
  Rendering products/index.html.erb within layouts/application
  [1m[36mProduct Load (0.2ms)[0m  [1m[34mSELECT "products".* FROM "products"[0m
  Rendered products/index.html.erb within layouts/application (1.3ms)
Completed 200 OK in 106ms (Views: 72.4ms | ActiveRecord: 0.2ms)


Started GET "/products" for ::1 at 2017-04-06 17:19:48 -0400
Processing by ProductsController#index as HTML
  Rendering products/index.html.erb within layouts/application
  [1m[36mProduct Load (0.3ms)[0m  [1m[34mSELECT "products".* FROM "products"[0m
  Rendered products/index.html.erb within layouts/application (1.5ms)
Completed 200 OK in 33ms (Views: 28.8ms | ActiveRecord: 0.3ms)


Started GET "/products" for ::1 at 2017-04-06 17:20:07 -0400
Processing by ProductsController#index as HTML
  Rendering products/index.html.erb within layouts/application
  [1m[36mProduct Load (0.2ms)[0m  [1m[34mSELECT "products".* FROM "products"[0m
  Rendered products/index.html.erb within layouts/application (1.8ms)
Completed 200 OK in 661ms (Views: 656.4ms | ActiveRecord: 0.2ms)


Started GET "/products" for ::1 at 2017-04-06 17:20:10 -0400
Processing by ProductsController#index as HTML
  Rendering products/index.html.erb within layouts/application
  [1m[36mProduct Load (100.5ms)[0m  [1m[34mSELECT "products".* FROM "products"[0m
  Rendered products/index.html.erb within layouts/application (103.8ms)
Completed 200 OK in 537ms (Views: 430.8ms | ActiveRecord: 100.5ms)


Started GET "/products/new" for ::1 at 2017-04-06 17:20:30 -0400
Processing by ProductsController#new as HTML
  Rendering products/new.html.erb within layouts/application
  Rendered products/_form.html.erb (468.9ms)
  Rendered products/new.html.erb within layouts/application (475.3ms)
Completed 200 OK in 996ms (Views: 903.6ms | ActiveRecord: 0.8ms)


Started GET "/products" for ::1 at 2017-04-06 17:22:59 -0400
Processing by ProductsController#index as HTML
  Rendering products/index.html.erb within layouts/application
  [1m[36mProduct Load (0.2ms)[0m  [1m[34mSELECT "products".* FROM "products"[0m
  Rendered products/index.html.erb within layouts/application (2.3ms)
Completed 200 OK in 594ms (Views: 513.8ms | ActiveRecord: 0.2ms)


Started GET "/products" for ::1 at 2017-04-06 17:23:18 -0400
Processing by ProductsController#index as HTML
  Rendering products/index.html.erb within layouts/application
  [1m[36mProduct Load (40.3ms)[0m  [1m[34mSELECT "products".* FROM "products"[0m
  Rendered products/index.html.erb within layouts/application (42.1ms)
Completed 200 OK in 841ms (Views: 782.2ms | ActiveRecord: 40.3ms)


Started GET "/products" for ::1 at 2017-04-06 17:24:42 -0400
Processing by ProductsController#index as HTML
  Rendering products/index.html.erb within layouts/application
  [1m[36mProduct Load (320.9ms)[0m  [1m[34mSELECT "products".* FROM "products"[0m
  Rendered products/index.html.erb within layouts/application (322.8ms)
Completed 200 OK in 15318ms (Views: 14912.4ms | ActiveRecord: 320.9ms)


Started GET "/products/new" for ::1 at 2017-04-06 17:26:53 -0400
Processing by ProductsController#new as HTML
  Rendering products/new.html.erb within layouts/application
  Rendered products/_form.html.erb (2.8ms)
  Rendered products/new.html.erb within layouts/application (23.5ms)
Completed 200 OK in 577ms (Views: 558.2ms | ActiveRecord: 0.0ms)


Started GET "/products/new" for ::1 at 2017-04-06 17:26:59 -0400
Processing by ProductsController#new as HTML
  Rendering products/new.html.erb within layouts/application
  Rendered products/_form.html.erb (2.2ms)
  Rendered products/new.html.erb within layouts/application (5.3ms)
Completed 200 OK in 316ms (Views: 222.6ms | ActiveRecord: 0.0ms)


